<component name="libraryTable">
  <library name="junit-4.13.2">
    <CLASSES>
      <root url="jar://E:/soft/programming/junit-4.13.2.jar!/" />
    </CLASSES>
    <JAVADOC />
    <SOURCES />
  </library>
</component>